<?xml version="1.0" encoding="UTF-8"?>
<!-- Generated by org.testng.reporters.JUnitReportReporter -->
<testsuite hostname="DESKTOP-V1HFTJ3" failures="0" tests="1" name="com.tests.automation.java.testng.TestHome" time="0.011" errors="0" timestamp="2024-11-18T17:26:58 IST" skipped="0">
  <testcase classname="com.tests.automation.java.testng.TestHome" name="ValidateRegTest" time="0.011"/>
  <system-out/>
</testsuite> <!-- com.tests.automation.java.testng.TestHome -->
