<?xml version="1.0" encoding="UTF-8"?>
<!-- Generated by org.testng.reporters.JUnitReportReporter -->
<testsuite hostname="DESKTOP-V1HFTJ3" failures="0" tests="1" name="com.base.automation.java.testng.BaseClass" time="5.288" errors="0" timestamp="2024-11-13T14:26:26 IST" skipped="0">
  <testcase classname="com.base.automation.java.testng.BaseClass" name="launchBrower" time="5.288"/>
  <system-out/>
</testsuite> <!-- com.base.automation.java.testng.BaseClass -->
