<?xml version="1.0" encoding="UTF-8"?>
<!-- Generated by org.testng.reporters.JUnitReportReporter -->
<testsuite hostname="DESKTOP-V1HFTJ3" failures="0" tests="1" name="com.base.automation.java.testng.ExcelReadData" time="12.274" errors="0" timestamp="2024-11-13T20:33:37 IST" skipped="0">
  <testcase classname="com.base.automation.java.testng.ExcelReadData" name="methodReadDataFromExcel" time="12.274"/>
  <system-out/>
</testsuite> <!-- com.base.automation.java.testng.ExcelReadData -->
