<?xml version="1.0" encoding="UTF-8"?>
<!-- Generated by org.testng.reporters.JUnitReportReporter -->
<testsuite hostname="DESKTOP-V1HFTJ3" failures="0" tests="1" name="com.tests.automation.java.testng.TestWebTable" time="0.001" errors="0" timestamp="2024-11-13T21:01:15 IST" skipped="0">
  <testcase classname="com.tests.automation.java.testng.TestWebTable" name="ValidateRegTestWeb" time="0.001"/>
  <system-out/>
</testsuite> <!-- com.tests.automation.java.testng.TestWebTable -->
